<?xml version="1.0" encoding="UTF-8"?>
<!-- Generated by org.testng.reporters.JUnitReportReporter -->
<testsuite hostname="DESKTOP-LP7AJ40" failures="0" tests="1" name="testCase.AddItemBrandTc" time="46.429" errors="0" timestamp="2023-05-25T05:03:46 IST" skipped="0">
  <testcase classname="testCase.AddItemBrandTc" name="addFromBrand" time="46.429"/>
  <system-out/>
</testsuite> <!-- testCase.AddItemBrandTc -->
