<?xml version="1.0" encoding="UTF-8"?>
<!-- Generated by org.testng.reporters.JUnitReportReporter -->
<testsuite hostname="DESKTOP-LP7AJ40" failures="0" tests="1" name="testCase.AddItemShopByDeptTc" time="127.327" errors="0" timestamp="2023-05-22T16:07:39 IST" skipped="0">
  <testcase classname="testCase.AddItemShopByDeptTc" name="addItem" time="127.327"/>
  <system-out/>
</testsuite> <!-- testCase.AddItemShopByDeptTc -->
