<?xml version="1.0" encoding="UTF-8"?>
<!-- Generated by org.testng.reporters.JUnitReportReporter -->
<testsuite hostname="DESKTOP-LP7AJ40" failures="0" tests="10" name="testCase.CreateAccountTc" time="267.824" errors="0" timestamp="2023-05-25T05:33:11 IST" skipped="0">
  <testcase classname="testCase.CreateAccountTc" name="tc_009" time="26.729"/>
  <system-out/>
  <testcase classname="testCase.CreateAccountTc" name="tc_0010" time="26.888"/>
  <system-out/>
  <testcase classname="testCase.CreateAccountTc" name="tc_003" time="26.614"/>
  <system-out/>
  <testcase classname="testCase.CreateAccountTc" name="tc_004" time="30.221"/>
  <system-out/>
  <testcase classname="testCase.CreateAccountTc" name="tc_008" time="24.940"/>
  <system-out/>
  <testcase classname="testCase.CreateAccountTc" name="tc_005" time="27.779"/>
  <system-out/>
  <testcase classname="testCase.CreateAccountTc" name="tc_006" time="27.251"/>
  <system-out/>
  <testcase classname="testCase.CreateAccountTc" name="tc_001" time="26.288"/>
  <system-out/>
  <testcase classname="testCase.CreateAccountTc" name="tc_007" time="24.918"/>
  <system-out/>
  <testcase classname="testCase.CreateAccountTc" name="tc_002" time="26.196"/>
  <system-out/>
</testsuite> <!-- testCase.CreateAccountTc -->
