<?xml version="1.0" encoding="UTF-8"?>
<!-- Generated by org.testng.reporters.JUnitReportReporter -->
<testsuite hostname="DESKTOP-LP7AJ40" failures="0" tests="6" name="testCase.AllMenuTc" time="145.397" errors="0" timestamp="2023-05-21T00:42:41 IST" skipped="0">
  <testcase classname="testCase.AllMenuTc" name="deals_001" time="24.267"/>
  <system-out/>
  <testcase classname="testCase.AllMenuTc" name="deals_006" time="21.440"/>
  <system-out/>
  <testcase classname="testCase.AllMenuTc" name="deals_003" time="25.893"/>
  <system-out/>
  <testcase classname="testCase.AllMenuTc" name="deals_002" time="23.871"/>
  <system-out/>
  <testcase classname="testCase.AllMenuTc" name="deals_004" time="27.823"/>
  <system-out/>
  <testcase classname="testCase.AllMenuTc" name="deals_005" time="22.103"/>
  <system-out/>
</testsuite> <!-- testCase.AllMenuTc -->
