<?xml version="1.0" encoding="UTF-8"?>
<!-- Generated by org.testng.reporters.JUnitReportReporter -->
<testsuite hostname="DESKTOP-LP7AJ40" failures="0" tests="1" name="testCase.UrlBrokenTc" time="20.366" errors="0" timestamp="2023-05-25T05:00:08 IST" skipped="0">
  <testcase classname="testCase.UrlBrokenTc" name="tc_001" time="20.366"/>
  <system-out/>
</testsuite> <!-- testCase.UrlBrokenTc -->
