<?xml version="1.0" encoding="UTF-8"?>
<!-- Generated by org.testng.reporters.JUnitReportReporter -->
<testsuite hostname="DESKTOP-LP7AJ40" failures="0" tests="1" name="test.TrailTc" time="19.043" errors="0" timestamp="2023-05-20T04:31:33 IST" skipped="0">
  <testcase classname="test.TrailTc" name="tc_001" time="19.043"/>
  <system-out/>
</testsuite> <!-- test.TrailTc -->
