<?xml version="1.0" encoding="UTF-8"?>
<!-- Generated by org.testng.reporters.JUnitReportReporter -->
<testsuite hostname="DESKTOP-LP7AJ40" failures="0" tests="1" name="page.BrokenLinkPrajakta" time="68.923" errors="0" timestamp="2023-05-21T16:10:18 IST" skipped="0">
  <testcase classname="page.BrokenLinkPrajakta" name="test" time="68.923"/>
  <system-out/>
</testsuite> <!-- page.BrokenLinkPrajakta -->
