<?xml version="1.0" encoding="UTF-8"?>
<!-- Generated by org.testng.reporters.JUnitReportReporter -->
<testsuite hostname="DESKTOP-LP7AJ40" failures="0" tests="1" name="testCase.LaunchBrowserClosingBrowser" time="6.850" errors="0" timestamp="2023-05-25T18:28:52 IST" skipped="0">
  <testcase classname="testCase.LaunchBrowserClosingBrowser" name="canada" time="6.850"/>
  <system-out/>
</testsuite> <!-- testCase.LaunchBrowserClosingBrowser -->
