<?xml version="1.0" encoding="UTF-8"?>
<!-- Generated by org.testng.reporters.JUnitReportReporter -->
<testsuite hostname="DESKTOP-LP7AJ40" failures="0" tests="1" name="testCase.SignInTc" time="33.786" errors="0" timestamp="2023-05-25T13:07:19 IST" skipped="0">
  <testcase classname="testCase.SignInTc" name="tcValidEmail_002" time="33.786"/>
  <system-out/>
</testsuite> <!-- testCase.SignInTc -->
